13:19:16 **** Incremental Build of configuration Debug for project Usart_helloworld ****
make -j12 all 
arm-none-eabi-gcc "../Core/Src/main.c" -mcpu=cortex-m4 -std=gnu11 -g3 -DDEBUG -DUSE_HAL_DRIVER -DSTM32F446xx -c -I../Core/Inc -I../Drivers/STM32F4xx_HAL_Driver/Inc -I../Drivers/STM32F4xx_HAL_Driver/Inc/Legacy -I../Drivers/CMSIS/Device/ST/STM32F4xx/Include -I../Drivers/CMSIS/Include -O0 -ffunction-sections -fdata-sections -Wall -fstack-usage -fcyclomatic-complexity -MMD -MP -MF"Core/Src/main.d" -MT"Core/Src/main.o" --specs=nano.specs -mfpu=fpv4-sp-d16 -mfloat-abi=hard -mthumb -o "Core/Src/main.o"
../Core/Src/main.c: In function 'main':
../Core/Src/main.c:10:5: warning: implicit declaration of function 'USART2_Write'; did you mean 'USART_Write'? [-Wimplicit-function-declaration]
   10 |     USART2_Write('H');
      |     ^~~~~~~~~~~~
      |     USART_Write
arm-none-eabi-gcc -o "Usart_helloworld.elf" @"objects.list"   -mcpu=cortex-m4 -T"D:\SDMIDE\STMIDE WORKSPACE\something\STM32F446RETX_FLASH.ld" --specs=nosys.specs -Wl,-Map="Usart_helloworld.map" -Wl,--gc-sections -static --specs=nano.specs -mfpu=fpv4-sp-d16 -mfloat-abi=hard -mthumb -Wl,--start-group -lc -lm -Wl,--end-group
D:/STMIDE/STM32CubeIDE/plugins/com.st.stm32cube.ide.mcu.externaltools.gnu-tools-for-stm32.11.3.rel1.win32_1.1.100.202309141235/tools/bin/../lib/gcc/arm-none-eabi/11.3.1/../../../../arm-none-eabi/bin/ld.exe: ./Core/Src/main.o: in function `main':
D:/SDMIDE/STMIDE WORKSPACE/something/Debug/../Core/Src/main.c:10: undefined reference to `USART2_Write'
D:/STMIDE/STM32CubeIDE/plugins/com.st.stm32cube.ide.mcu.externaltools.gnu-tools-for-stm32.11.3.rel1.win32_1.1.100.202309141235/tools/bin/../lib/gcc/arm-none-eabi/11.3.1/../../../../arm-none-eabi/bin/ld.exe: D:/SDMIDE/STMIDE WORKSPACE/something/Debug/../Core/Src/main.c:12: undefined reference to `USART2_Write'
D:/STMIDE/STM32CubeIDE/plugins/com.st.stm32cube.ide.mcu.externaltools.gnu-tools-for-stm32.11.3.rel1.win32_1.1.100.202309141235/tools/bin/../lib/gcc/arm-none-eabi/11.3.1/../../../../arm-none-eabi/bin/ld.exe: D:/SDMIDE/STMIDE WORKSPACE/something/Debug/../Core/Src/main.c:14: undefined reference to `USART2_Write'
D:/STMIDE/STM32CubeIDE/plugins/com.st.stm32cube.ide.mcu.externaltools.gnu-tools-for-stm32.11.3.rel1.win32_1.1.100.202309141235/tools/bin/../lib/gcc/arm-none-eabi/11.3.1/../../../../arm-none-eabi/bin/ld.exe: D:/SDMIDE/STMIDE WORKSPACE/something/Debug/../Core/Src/main.c:16: undefined reference to `USART2_Write'
D:/STMIDE/STM32CubeIDE/plugins/com.st.stm32cube.ide.mcu.externaltools.gnu-tools-for-stm32.11.3.rel1.win32_1.1.100.202309141235/tools/bin/../lib/gcc/arm-none-eabi/11.3.1/../../../../arm-none-eabi/bin/ld.exe: D:/SDMIDE/STMIDE WORKSPACE/something/Debug/../Core/Src/main.c:18: undefined reference to `USART2_Write'
D:/STMIDE/STM32CubeIDE/plugins/com.st.stm32cube.ide.mcu.externaltools.gnu-tools-for-stm32.11.3.rel1.win32_1.1.100.202309141235/tools/bin/../lib/gcc/arm-none-eabi/11.3.1/../../../../arm-none-eabi/bin/ld.exe: ./Core/Src/main.o:D:/SDMIDE/STMIDE WORKSPACE/something/Debug/../Core/Src/main.c:20: more undefined references to `USART2_Write' follow
collect2.exe: error: ld returned 1 exit status
make: *** [makefile:64: Usart_helloworld.elf] Error 1
"make -j12 all" terminated with exit code 2. Build might be incomplete.

13:19:18 Build Failed. 7 errors, 1 warnings. (took 1s.537ms)

